Using pre-set license
Built from '2020.3/release' branch; Version is '2020.3.12f1 (b3b2c6512326) revision 11776710'; Using compiler version '192528614'; Build Type 'Release'
OS: 'Windows 10 Home Single Language; OS build 19042.1052; Version 2009; 64bit' Language: 'en' Physical Memory: 7541 MB
BatchMode: 1, IsHumanControllingUs: 0, StartBugReporterOnCrash: 0, Is64bit: 1, IsPro: 0

 COMMAND LINE ARGUMENTS:
C:\Program Files\Unity\Hub\Editor\2020.3.12f1\Editor\Unity.exe
-adb2
-batchMode
-noUpm
-name
AssetImportWorker0
-projectPath
E:/unity project/New Unity Project/Workstations(FSM LAB)
-logFile
Logs/AssetImportWorker0.log
-srvPort
58527
Successfully changed project path to: E:/unity project/New Unity Project/Workstations(FSM LAB)
E:/unity project/New Unity Project/Workstations(FSM LAB)
Using Asset Import Pipeline V2.
Refreshing native plugins compatible for Editor in 83.31 ms, found 2 plugins.
Preloading 0 native plugins for Editor in 0.00 ms.
Initialize engine version: 2020.3.12f1 (b3b2c6512326)
[Subsystems] Discovering subsystems at path C:/Program Files/Unity/Hub/Editor/2020.3.12f1/Editor/Data/Resources/UnitySubsystems
[Subsystems] Discovering subsystems at path E:/unity project/New Unity Project/Workstations(FSM LAB)/Assets
GfxDevice: creating device client; threaded=0
Direct3D:
    Version:  Direct3D 11.0 [level 11.1]
    Renderer: NVIDIA GeForce GTX 1650 Ti (ID=0x1f95)
    Vendor:   
    VRAM:     3962 MB
    Driver:   27.21.14.5763
Initialize mono
Mono path[0] = 'C:/Program Files/Unity/Hub/Editor/2020.3.12f1/Editor/Data/Managed'
Mono path[1] = 'C:/Program Files/Unity/Hub/Editor/2020.3.12f1/Editor/Data/MonoBleedingEdge/lib/mono/unityjit'
Mono config path = 'C:/Program Files/Unity/Hub/Editor/2020.3.12f1/Editor/Data/MonoBleedingEdge/etc'
Using monoOptions --debugger-agent=transport=dt_socket,embedding=1,server=y,suspend=n,address=127.0.0.1:56384
Begin MonoManager ReloadAssembly
Registering precompiled unity dll's ...
Register platform support module: C:/Program Files/Unity/Hub/Editor/2020.3.12f1/Editor/Data/PlaybackEngines/WindowsStandaloneSupport/UnityEditor.WindowsStandalone.Extensions.dll
Registered in 0.006193 seconds.
Native extension for WindowsStandalone target not found
Refreshing native plugins compatible for Editor in 55.17 ms, found 2 plugins.
Preloading 0 native plugins for Editor in 0.00 ms.
Mono: successfully reloaded assembly
- Completed reload, in  4.628 seconds
Platform modules already initialized, skipping
Registering precompiled user dll's ...
Registered in 0.006788 seconds.
Begin MonoManager ReloadAssembly
Native extension for WindowsStandalone target not found
Refreshing native plugins compatible for Editor in 0.67 ms, found 2 plugins.
Preloading 0 native plugins for Editor in 0.00 ms.
Mono: successfully reloaded assembly
- Completed reload, in  2.008 seconds
Platform modules already initialized, skipping
========================================================================
Worker process is ready to serve import requests
Launched and connected shader compiler UnityShaderCompiler.exe after 0.06 seconds
Refreshing native plugins compatible for Editor in 0.42 ms, found 2 plugins.
Preloading 0 native plugins for Editor in 0.00 ms.
Unloading 1434 Unused Serialized files (Serialized files now loaded: 0)
System memory in use before: 67.7 MB.
System memory in use after: 67.8 MB.

Unloading 18 unused Assets to reduce memory usage. Loaded Objects now: 1868.
Total: 3.660200 ms (FindLiveObjects: 0.210200 ms CreateObjectMapping: 0.038900 ms MarkObjects: 3.168300 ms  DeleteObjects: 0.238100 ms)

AssetImportParameters requested are different than current active one (requested -> active):
  custom:framework-win-MediaFoundation: 216162199b28c13a410421893ffa2e32 -> 
  custom:video-decoder-ogg-theora: a1e56fd34408186e4bbccfd4996cb3dc -> 
  custom:container-muxer-webm: aa71ff27fc2769a1b78a27578f13a17b -> 
  custom:container-demuxer-webm: 4f35f7cbe854078d1ac9338744f61a02 -> 
  custom:container-demuxer-ogg: 62fdf1f143b41e24485cea50d1cbac27 -> 
  custom:video-encoder-webm-vp8: eb34c28f22e8b96e1ab97ce403110664 -> 
  custom:video-codec-MediaFoundation-h265: 746d11721c4dcdbdad8f713fa42b33f4 -> 
  custom:video-decoder-webm-vp8: 9c59270c3fd7afecdb556c50c9e8de78 -> 
  custom:audio-decoder-ogg-vorbis: bf7c407c2cedff20999df2af8eb42d56 -> 
  custom:audio-encoder-webm-vorbis: bf7c407c2cedff20999df2af8eb42d56 -> 
========================================================================
Received Import Request.
  path: Assets/scene
  artifactKey: Guid(406e4ed5c389fe2458714d195b51c8c4) Importer(815301076,1909f56bfc062723c751e8b465ee728b)
Start importing Assets/scene using Guid(406e4ed5c389fe2458714d195b51c8c4) Importer(815301076,1909f56bfc062723c751e8b465ee728b)  -> (artifact id: '3eafbe406fee869d295cbcceff508dd8') in 0.007739 seconds 
  Import took 0.225325 seconds .

========================================================================
Received Import Request.
  Time since last request: 32.814682 seconds.
  path: Assets/Meterial
  artifactKey: Guid(6b276d335a9a9ef4588c295f47973d47) Importer(815301076,1909f56bfc062723c751e8b465ee728b)
Start importing Assets/Meterial using Guid(6b276d335a9a9ef4588c295f47973d47) Importer(815301076,1909f56bfc062723c751e8b465ee728b)  -> (artifact id: 'a02ae2a059bdfb48a4b2a6458af869bd') in 0.017525 seconds 
  Import took 0.075252 seconds .

========================================================================
Received Import Request.
  Time since last request: 9.917014 seconds.
  path: Assets/Meterial/New Material.mat
  artifactKey: Guid(e9f3e9402e76bb34a8c18137c20a715a) Importer(815301076,1909f56bfc062723c751e8b465ee728b)
Start importing Assets/Meterial/New Material.mat using Guid(e9f3e9402e76bb34a8c18137c20a715a) Importer(815301076,1909f56bfc062723c751e8b465ee728b)  -> (artifact id: '8a9946f44256c4b32877b07bf9cd9c2a') in 0.195593 seconds 
  Import took 0.234274 seconds .

========================================================================
Received Import Request.
  Time since last request: 104.299527 seconds.
  path: Assets/Annotation 2021-06-23 151156.png
  artifactKey: Guid(ee9cd0554942cf34fa301fa865faa7e7) Importer(815301076,1909f56bfc062723c751e8b465ee728b)
Start importing Assets/Annotation 2021-06-23 151156.png using Guid(ee9cd0554942cf34fa301fa865faa7e7) Importer(815301076,1909f56bfc062723c751e8b465ee728b)  -> (artifact id: '215fdcf7d474322803e9dcf270715c65') in 0.128457 seconds 
  Import took 0.160988 seconds .

========================================================================
Received Import Request.
  Time since last request: 5.606892 seconds.
  path: Assets/google.png
  artifactKey: Guid(94adeaf062901e34a8291e8cba750b4e) Importer(815301076,1909f56bfc062723c751e8b465ee728b)
Start importing Assets/google.png using Guid(94adeaf062901e34a8291e8cba750b4e) Importer(815301076,1909f56bfc062723c751e8b465ee728b)  -> (artifact id: '0754f006cc00fcac0289973ae770fbb7') in 0.052454 seconds 
  Import took 0.082976 seconds .

========================================================================
Received Import Request.
  Time since last request: 3.944197 seconds.
  path: Assets/facebook.png
  artifactKey: Guid(f5973b52a6bfed94588676fcdf9e257d) Importer(815301076,1909f56bfc062723c751e8b465ee728b)
Start importing Assets/facebook.png using Guid(f5973b52a6bfed94588676fcdf9e257d) Importer(815301076,1909f56bfc062723c751e8b465ee728b)  -> (artifact id: 'd6e8e988623e47483e29ceac32a12276') in 0.029620 seconds 
  Import took 0.117375 seconds .

========================================================================
Received Import Request.
  Time since last request: 3.761841 seconds.
  path: Assets/back.png
  artifactKey: Guid(5a477c1658a76224581f490c1f0a6573) Importer(815301076,1909f56bfc062723c751e8b465ee728b)
Start importing Assets/back.png using Guid(5a477c1658a76224581f490c1f0a6573) Importer(815301076,1909f56bfc062723c751e8b465ee728b)  -> (artifact id: '2c6d4317a2d2655e3c868cc302c5ae45') in 0.035356 seconds 
  Import took 0.044742 seconds .

========================================================================
Received Import Request.
  Time since last request: 0.003769 seconds.
  path: Assets/back.png
  artifactKey: Guid(5a477c1658a76224581f490c1f0a6573) Importer(815301076,1909f56bfc062723c751e8b465ee728b)
Start importing Assets/back.png using Guid(5a477c1658a76224581f490c1f0a6573) Importer(815301076,1909f56bfc062723c751e8b465ee728b)  -> (artifact id: '2c6d4317a2d2655e3c868cc302c5ae45') in 0.028077 seconds 
  Import took 0.034747 seconds .

========================================================================
Received Import Request.
  Time since last request: 4.055290 seconds.
  path: Assets/linkedin.png
  artifactKey: Guid(7e24c1827213ebf4eaea7cc904a472aa) Importer(815301076,1909f56bfc062723c751e8b465ee728b)
Start importing Assets/linkedin.png using Guid(7e24c1827213ebf4eaea7cc904a472aa) Importer(815301076,1909f56bfc062723c751e8b465ee728b)  -> (artifact id: '489e89f36b9fb19999082c1180c9a27f') in 0.024046 seconds 
  Import took 0.049249 seconds .

========================================================================
Received Import Request.
  Time since last request: 14.263873 seconds.
  path: Assets/download.png
  artifactKey: Guid(7f6cf31565d33b243a7ca2d407c3903c) Importer(815301076,1909f56bfc062723c751e8b465ee728b)
Start importing Assets/download.png using Guid(7f6cf31565d33b243a7ca2d407c3903c) Importer(815301076,1909f56bfc062723c751e8b465ee728b)  -> (artifact id: '93f3bbaa06a31794411ead02e0928627') in 0.023386 seconds 
  Import took 0.030750 seconds .

========================================================================
Received Prepare
Registering precompiled user dll's ...
Registered in 0.006203 seconds.
Begin MonoManager ReloadAssembly
Native extension for WindowsStandalone target not found
Refreshing native plugins compatible for Editor in 0.81 ms, found 2 plugins.
Preloading 0 native plugins for Editor in 0.00 ms.
Mono: successfully reloaded assembly
- Completed reload, in  2.012 seconds
Platform modules already initialized, skipping
Switching build target platform(19) subTarget(0) extendedPlatform(0) -> platform(13) subTarget(537395200) extendedPlatform(0)
Refreshing native plugins compatible for Editor in 0.65 ms, found 2 plugins.
Preloading 0 native plugins for Editor in 0.00 ms.
Unloading 1418 Unused Serialized files (Serialized files now loaded: 0)
System memory in use before: 69.4 MB.
System memory in use after: 69.5 MB.

Unloading 13 unused Assets to reduce memory usage. Loaded Objects now: 1914.
Total: 4.318400 ms (FindLiveObjects: 0.276600 ms CreateObjectMapping: 0.086000 ms MarkObjects: 3.912200 ms  DeleteObjects: 0.040800 ms)

AssetImportParameters requested are different than current active one (requested -> active):
  custom:framework-win-MediaFoundation: 216162199b28c13a410421893ffa2e32 -> 
  custom:video-decoder-ogg-theora: a1e56fd34408186e4bbccfd4996cb3dc -> 
  custom:container-muxer-webm: aa71ff27fc2769a1b78a27578f13a17b -> 
  custom:container-demuxer-webm: 4f35f7cbe854078d1ac9338744f61a02 -> 
  custom:container-demuxer-ogg: 62fdf1f143b41e24485cea50d1cbac27 -> 
  custom:video-encoder-webm-vp8: eb34c28f22e8b96e1ab97ce403110664 -> 
  custom:video-codec-MediaFoundation-h265: 746d11721c4dcdbdad8f713fa42b33f4 -> 
  custom:video-decoder-webm-vp8: 9c59270c3fd7afecdb556c50c9e8de78 -> 
  custom:graphics/normal-map-encoding: 01000000000000000000000000000000 -> 02000000000000000000000000000000
  custom:audio-decoder-ogg-vorbis: bf7c407c2cedff20999df2af8eb42d56 -> 
  custom:audio-encoder-webm-vorbis: bf7c407c2cedff20999df2af8eb42d56 -> 
